Arguments: 
  /Users/it/.nvm/versions/node/v15.2.1/bin/node /usr/local/bin/yarn add wechat-api-promies

PATH: 
  /Users/it/.nvm/versions/node/v15.2.1/bin:/Users/xxx/flutter/bin:/usr/local/bin:/usr/bin:/bin:/usr/sbin:/sbin:/Users/xxx/flutter/bin:/usr/local/apache-maven-3.6.3/bin:/Library/Java/JavaVirtualMachines/jdk1.8.0_211.jdk/Contents/Home/bin:/usr/local/MongoDB/bin:/Users/it/bin:/usr/local/apache-maven-3.6.3/bin:/Library/Java/JavaVirtualMachines/jdk1.8.0_211.jdk/Contents/Home/bin:/usr/local/MongoDB/bin:/Users/it/bin:/sbin:/usr/bin:/usr/sbin

Yarn version: 
  1.21.1

Node version: 
  15.2.1

Platform: 
  darwin x64

Trace: 
  Error: https://registry.npmjs.org/wechat-api-promies: Not found
      at Request.params.callback [as _callback] (/usr/local/lib/node_modules/yarn/lib/cli.js:66947:18)
      at Request.self.callback (/usr/local/lib/node_modules/yarn/lib/cli.js:140665:22)
      at Request.emit (node:events:329:20)
      at Request.<anonymous> (/usr/local/lib/node_modules/yarn/lib/cli.js:141637:10)
      at Request.emit (node:events:329:20)
      at IncomingMessage.<anonymous> (/usr/local/lib/node_modules/yarn/lib/cli.js:141559:12)
      at Object.onceWrapper (node:events:435:28)
      at IncomingMessage.emit (node:events:341:22)
      at endReadableNT (node:internal/streams/readable:1294:12)
      at processTicksAndRejections (node:internal/process/task_queues:80:21)

npm manifest: 
  {
    "name": "wechat-api-promise",
    "version": "1.0.1",
    "description": "基于Promise的小程序Api，并支持微信和支付宝小程序，使用支持Promise，轻便，小巧，使用方便高效",
    "main": "src/index.js",
    "repository": "https://github.com/luzhonglai/wechat-api-promise",
    "author": "zhonglai lu",
    "license": "ISC",
    "dependencies": {}
  }

yarn manifest: 
  No manifest

Lockfile: 
  # THIS IS AN AUTOGENERATED FILE. DO NOT EDIT THIS FILE DIRECTLY.
  # yarn lockfile v1
